{"F:\\projects\\Nest\\Plena Finance\\user-service\\src\\app.controller.ts": {"path":"F:\\projects\\Nest\\Plena Finance\\user-service\\src\\app.controller.ts","statementMap":{"0":{"start":{"line":1,"column":0},"end":{"line":1,"column":80}},"1":{"start":{"line":2,"column":0},"end":{"line":2,"column":43}},"2":{"start":{"line":3,"column":0},"end":{"line":3,"column":55}},"3":{"start":{"line":4,"column":0},"end":{"line":4,"column":44}},"4":{"start":{"line":5,"column":0},"end":{"line":5,"column":37}},"5":{"start":{"line":6,"column":0},"end":{"line":6,"column":51}},"6":{"start":{"line":7,"column":0},"end":{"line":7,"column":83}},"7":{"start":{"line":11,"column":7},"end":{"line":104,"column":null}},"8":{"start":{"line":13,"column":21},"end":{"line":13,"column":33}},"9":{"start":{"line":15,"column":21},"end":{"line":15,"column":37}},"10":{"start":{"line":19,"column":4},"end":{"line":26,"column":7}},"11":{"start":{"line":20,"column":31},"end":{"line":20,"column":52}},"12":{"start":{"line":21,"column":6},"end":{"line":25,"column":7}},"13":{"start":{"line":22,"column":8},"end":{"line":22,"column":22}},"14":{"start":{"line":24,"column":8},"end":{"line":24,"column":23}},"15":{"start":{"line":31,"column":4},"end":{"line":46,"column":5}},"16":{"start":{"line":32,"column":6},"end":{"line":32,"column":52}},"17":{"start":{"line":33,"column":21},"end":{"line":33,"column":55}},"18":{"start":{"line":34,"column":6},"end":{"line":34,"column":31}},"19":{"start":{"line":35,"column":6},"end":{"line":39,"column":8}},"20":{"start":{"line":41,"column":6},"end":{"line":45,"column":8}},"21":{"start":{"line":51,"column":4},"end":{"line":84,"column":5}},"22":{"start":{"line":52,"column":6},"end":{"line":52,"column":55}},"23":{"start":{"line":53,"column":20},"end":{"line":53,"column":32}},"24":{"start":{"line":54,"column":26},"end":{"line":54,"column":74}},"25":{"start":{"line":55,"column":6},"end":{"line":77,"column":7}},"26":{"start":{"line":56,"column":8},"end":{"line":60,"column":10}},"27":{"start":{"line":62,"column":8},"end":{"line":68,"column":9}},"28":{"start":{"line":63,"column":10},"end":{"line":67,"column":12}},"29":{"start":{"line":69,"column":8},"end":{"line":69,"column":32}},"30":{"start":{"line":70,"column":28},"end":{"line":70,"column":66}},"31":{"start":{"line":71,"column":8},"end":{"line":71,"column":36}},"32":{"start":{"line":72,"column":8},"end":{"line":76,"column":10}},"33":{"start":{"line":79,"column":6},"end":{"line":83,"column":8}},"34":{"start":{"line":89,"column":24},"end":{"line":89,"column":72}},"35":{"start":{"line":90,"column":4},"end":{"line":102,"column":5}},"36":{"start":{"line":91,"column":6},"end":{"line":95,"column":8}},"37":{"start":{"line":97,"column":6},"end":{"line":101,"column":8}},"38":{"start":{"line":11,"column":13},"end":{"line":11,"column":26}},"39":{"start":{"line":30,"column":8},"end":{"line":47,"column":null}},"40":{"start":{"line":50,"column":8},"end":{"line":85,"column":null}},"41":{"start":{"line":88,"column":8},"end":{"line":103,"column":null}},"42":{"start":{"line":11,"column":13},"end":{"line":104,"column":null}}},"fnMap":{"0":{"name":"(anonymous_4)","decl":{"start":{"line":12,"column":2},"end":{"line":12,"column":null}},"loc":{"start":{"line":15,"column":53},"end":{"line":16,"column":6}}},"1":{"name":"(anonymous_5)","decl":{"start":{"line":18,"column":2},"end":{"line":18,"column":7}},"loc":{"start":{"line":18,"column":57},"end":{"line":27,"column":3}}},"2":{"name":"(anonymous_6)","decl":{"start":{"line":19,"column":23},"end":{"line":19,"column":24}},"loc":{"start":{"line":19,"column":43},"end":{"line":26,"column":5}}},"3":{"name":"(anonymous_7)","decl":{"start":{"line":30,"column":2},"end":{"line":30,"column":7}},"loc":{"start":{"line":30,"column":25},"end":{"line":47,"column":3}}},"4":{"name":"(anonymous_8)","decl":{"start":{"line":50,"column":2},"end":{"line":50,"column":7}},"loc":{"start":{"line":50,"column":28},"end":{"line":85,"column":3}}},"5":{"name":"(anonymous_9)","decl":{"start":{"line":88,"column":2},"end":{"line":88,"column":7}},"loc":{"start":{"line":88,"column":45},"end":{"line":103,"column":3}}}},"branchMap":{"0":{"loc":{"start":{"line":21,"column":6},"end":{"line":25,"column":7}},"type":"if","locations":[{"start":{"line":21,"column":6},"end":{"line":25,"column":7}},{"start":{"line":23,"column":13},"end":{"line":25,"column":7}}]},"1":{"loc":{"start":{"line":55,"column":6},"end":{"line":77,"column":7}},"type":"if","locations":[{"start":{"line":55,"column":6},"end":{"line":77,"column":7}},{"start":{"line":61,"column":13},"end":{"line":77,"column":7}}]},"2":{"loc":{"start":{"line":62,"column":8},"end":{"line":68,"column":9}},"type":"if","locations":[{"start":{"line":62,"column":8},"end":{"line":68,"column":9}}]},"3":{"loc":{"start":{"line":90,"column":4},"end":{"line":102,"column":5}},"type":"if","locations":[{"start":{"line":90,"column":4},"end":{"line":102,"column":5}},{"start":{"line":96,"column":11},"end":{"line":102,"column":5}}]}},"s":{"0":1,"1":1,"2":1,"3":1,"4":1,"5":1,"6":1,"7":1,"8":5,"9":5,"10":3,"11":3,"12":3,"13":1,"14":2,"15":2,"16":2,"17":1,"18":1,"19":1,"20":1,"21":1,"22":1,"23":1,"24":1,"25":1,"26":0,"27":1,"28":0,"29":1,"30":1,"31":1,"32":1,"33":0,"34":1,"35":1,"36":0,"37":1,"38":1,"39":1,"40":1,"41":1,"42":1},"f":{"0":5,"1":3,"2":3,"3":2,"4":1,"5":1},"b":{"0":[1,2],"1":[0,1],"2":[0],"3":[0,1]}}
,"F:\\projects\\Nest\\Plena Finance\\user-service\\src\\app.module.ts": {"path":"F:\\projects\\Nest\\Plena Finance\\user-service\\src\\app.module.ts","statementMap":{"0":{"start":{"line":1,"column":0},"end":{"line":1,"column":40}},"1":{"start":{"line":2,"column":0},"end":{"line":2,"column":49}},"2":{"start":{"line":3,"column":0},"end":{"line":3,"column":43}},"3":{"start":{"line":4,"column":0},"end":{"line":4,"column":48}},"4":{"start":{"line":5,"column":0},"end":{"line":5,"column":44}},"5":{"start":{"line":6,"column":0},"end":{"line":6,"column":32}},"6":{"start":{"line":7,"column":0},"end":{"line":7,"column":9}},"7":{"start":{"line":26,"column":7},"end":{"line":26,"column":null}},"8":{"start":{"line":26,"column":13},"end":{"line":26,"column":22}},"9":{"start":{"line":26,"column":13},"end":{"line":26,"column":null}}},"fnMap":{},"branchMap":{},"s":{"0":0,"1":0,"2":0,"3":0,"4":0,"5":0,"6":0,"7":0,"8":0,"9":0},"f":{},"b":{}}
,"F:\\projects\\Nest\\Plena Finance\\user-service\\src\\app.service.ts": {"path":"F:\\projects\\Nest\\Plena Finance\\user-service\\src\\app.service.ts","statementMap":{"0":{"start":{"line":1,"column":0},"end":{"line":1,"column":44}},"1":{"start":{"line":2,"column":0},"end":{"line":2,"column":37}},"2":{"start":{"line":3,"column":0},"end":{"line":3,"column":44}},"3":{"start":{"line":4,"column":0},"end":{"line":4,"column":51}},"4":{"start":{"line":7,"column":7},"end":{"line":20,"column":null}},"5":{"start":{"line":10,"column":21},"end":{"line":10,"column":37}},"6":{"start":{"line":14,"column":4},"end":{"line":14,"column":42}},"7":{"start":{"line":18,"column":4},"end":{"line":18,"column":49}},"8":{"start":{"line":7,"column":13},"end":{"line":7,"column":23}},"9":{"start":{"line":7,"column":13},"end":{"line":20,"column":null}}},"fnMap":{"0":{"name":"(anonymous_4)","decl":{"start":{"line":8,"column":2},"end":{"line":8,"column":null}},"loc":{"start":{"line":10,"column":53},"end":{"line":11,"column":6}}},"1":{"name":"(anonymous_5)","decl":{"start":{"line":13,"column":2},"end":{"line":13,"column":8}},"loc":{"start":{"line":13,"column":18},"end":{"line":15,"column":3}}},"2":{"name":"(anonymous_6)","decl":{"start":{"line":17,"column":2},"end":{"line":17,"column":11}},"loc":{"start":{"line":17,"column":23},"end":{"line":19,"column":3}}}},"branchMap":{},"s":{"0":1,"1":1,"2":1,"3":1,"4":1,"5":5,"6":0,"7":0,"8":1,"9":1},"f":{"0":5,"1":0,"2":0},"b":{}}
,"F:\\projects\\Nest\\Plena Finance\\user-service\\src\\main.ts": {"path":"F:\\projects\\Nest\\Plena Finance\\user-service\\src\\main.ts","statementMap":{"0":{"start":{"line":1,"column":0},"end":{"line":1,"column":43}},"1":{"start":{"line":2,"column":0},"end":{"line":2,"column":41}},"2":{"start":{"line":3,"column":0},"end":{"line":3,"column":62}},"3":{"start":{"line":4,"column":0},"end":{"line":4,"column":40}},"4":{"start":{"line":5,"column":15},"end":{"line":5,"column":27}},"5":{"start":{"line":6,"column":0},"end":{"line":6,"column":32}},"6":{"start":{"line":7,"column":0},"end":{"line":7,"column":9}},"7":{"start":{"line":10,"column":2},"end":{"line":24,"column":3}},"8":{"start":{"line":11,"column":16},"end":{"line":17,"column":6}},"9":{"start":{"line":19,"column":4},"end":{"line":19,"column":17}},"10":{"start":{"line":20,"column":4},"end":{"line":20,"column":49}},"11":{"start":{"line":23,"column":4},"end":{"line":23,"column":70}},"12":{"start":{"line":27,"column":0},"end":{"line":27,"column":12}}},"fnMap":{"0":{"name":"bootstrap","decl":{"start":{"line":9,"column":15},"end":{"line":9,"column":24}},"loc":{"start":{"line":9,"column":24},"end":{"line":25,"column":1}}}},"branchMap":{},"s":{"0":0,"1":0,"2":0,"3":0,"4":0,"5":0,"6":0,"7":0,"8":0,"9":0,"10":0,"11":0,"12":0},"f":{"0":0},"b":{}}
,"F:\\projects\\Nest\\Plena Finance\\user-service\\src\\dto\\joi-validations-schema.dto.ts": {"path":"F:\\projects\\Nest\\Plena Finance\\user-service\\src\\dto\\joi-validations-schema.dto.ts","statementMap":{"0":{"start":{"line":1,"column":0},"end":{"line":1,"column":27}},"1":{"start":{"line":3,"column":13},"end":{"line":8,"column":3}},"2":{"start":{"line":10,"column":13},"end":{"line":12,"column":3}}},"fnMap":{},"branchMap":{},"s":{"0":1,"1":1,"2":1},"f":{},"b":{}}
,"F:\\projects\\Nest\\Plena Finance\\user-service\\src\\models\\user.entity.ts": {"path":"F:\\projects\\Nest\\Plena Finance\\user-service\\src\\models\\user.entity.ts","statementMap":{"0":{"start":{"line":1,"column":0},"end":{"line":1,"column":null}},"1":{"start":{"line":10,"column":7},"end":{"line":46,"column":null}},"2":{"start":{"line":10,"column":13},"end":{"line":10,"column":17}},"3":{"start":{"line":12,"column":2},"end":{"line":12,"column":null}},"4":{"start":{"line":15,"column":2},"end":{"line":15,"column":null}},"5":{"start":{"line":18,"column":2},"end":{"line":18,"column":null}},"6":{"start":{"line":21,"column":2},"end":{"line":21,"column":null}},"7":{"start":{"line":24,"column":2},"end":{"line":24,"column":null}},"8":{"start":{"line":27,"column":2},"end":{"line":27,"column":null}},"9":{"start":{"line":30,"column":2},"end":{"line":30,"column":null}},"10":{"start":{"line":37,"column":2},"end":{"line":37,"column":null}},"11":{"start":{"line":34,"column":19},"end":{"line":34,"column":38}},"12":{"start":{"line":45,"column":2},"end":{"line":45,"column":null}},"13":{"start":{"line":41,"column":19},"end":{"line":41,"column":38}},"14":{"start":{"line":10,"column":13},"end":{"line":46,"column":null}}},"fnMap":{"0":{"name":"(anonymous_2)","decl":{"start":{"line":34,"column":13},"end":{"line":34,"column":16}},"loc":{"start":{"line":34,"column":19},"end":{"line":34,"column":38}}},"1":{"name":"(anonymous_3)","decl":{"start":{"line":41,"column":13},"end":{"line":41,"column":16}},"loc":{"start":{"line":41,"column":19},"end":{"line":41,"column":38}}}},"branchMap":{},"s":{"0":1,"1":1,"2":1,"3":1,"4":1,"5":1,"6":1,"7":1,"8":1,"9":1,"10":1,"11":0,"12":1,"13":0,"14":1},"f":{"0":0,"1":0},"b":{}}
}
